<?xml version="1.0" encoding="UTF-8"?>
<testng-results skipped="0" failed="0" ignored="0" total="1" passed="1">
  <reporter-output>
  </reporter-output>
  <suite name="Suite" duration-ms="84" started-at="2020-08-27T09:15:34 IST" finished-at="2020-08-27T09:15:34 IST">
    <groups>
    </groups>
    <test name="Test" duration-ms="84" started-at="2020-08-27T09:15:34 IST" finished-at="2020-08-27T09:15:34 IST">
      <class name="test.Test123">
        <test-method status="PASS" signature="demo()[pri:0, instance:test.Test123@5e853265]" name="demo" duration-ms="16" started-at="2020-08-27T09:15:34 IST" finished-at="2020-08-27T09:15:34 IST">
          <reporter-output>
          </reporter-output>
        </test-method> <!-- demo -->
      </class> <!-- test.Test123 -->
    </test> <!-- Test -->
  </suite> <!-- Suite -->
</testng-results>
